nohup: ignoring input
INFO Watching for file changes with StatReloader
Error: That port is already in use.
==================================================
DJANGO SETTINGS DEBUG INFO
==================================================
DEBUG: True
Is Production: False
ALLOWED_HOSTS: ['localhost', '127.0.0.1']
CORS_ALLOW_ALL_ORIGINS: True
SECURE_SSL_REDIRECT: False
DATABASE: SQLite
PAYSTACK_PUBLIC_KEY: pk_live_38a1893cef30...
FRONTEND_URL: http://localhost:5173
==================================================
🚀 Server starting in DEVELOPMENT mode
🔓 HTTPS enforcement is DISABLED
🌐 Access at: http://localhost:8000 or http://127.0.0.1:8000
❌ Do NOT use https://localhost:8000
==================================================
